<?xml version="1.0" encoding="UTF-8"?>
<!-- Generated by org.testng.reporters.JUnitReportReporter -->
<testsuite hostname="Avenger" failures="0" tests="1" name="Automation.Amazon.enterSearchItem" time="269.433" errors="0" timestamp="2023-06-08T09:55:34 GMT-05:00" skipped="0">
  <testcase classname="Automation.Amazon.enterSearchItem" name="amazonLogo" time="269.433"/>
  <system-out/>
</testsuite> <!-- Automation.Amazon.enterSearchItem -->
