<?xml version="1.0" encoding="UTF-8"?>
<!-- Generated by org.testng.reporters.JUnitReportReporter -->
<testsuite hostname="Avenger" failures="0" tests="1" name="Automation.Amazon.standAloneTest" time="23.820" errors="0" timestamp="2023-04-30T09:30:54 GMT-05:00" skipped="0">
  <testcase classname="Automation.Amazon.standAloneTest" name="submitOrder" time="23.820"/>
  <system-out/>
</testsuite> <!-- Automation.Amazon.standAloneTest -->
